<?xml version="1.0" encoding="UTF-8"?>
<testsuite xmlns:xsi="http://www.w3.org/2001/XMLSchema-instance" xsi:noNamespaceSchemaLocation="https://maven.apache.org/surefire/maven-surefire-plugin/xsd/surefire-test-report-3.0.xsd" version="3.0" name="bird.BirdServiceTest" time="0.021" tests="10" errors="0" skipped="0" failures="0">
  <properties>
[...]
</properties>
  <testcase name="deleteBird_whenBirdDoesNotExist_returnsEmptyOptional" classname="bird.BirdServiceTest" time="0.002"/>
  <testcase name="getByName_whenBirdWithNameExists_returnsBird" classname="bird.BirdServiceTest" time="0.001"/>
  <testcase name="addBird_whenRepositoryThrowsException_shouldPropagateException" classname="bird.BirdServiceTest" time="0.002"/>
  <testcase name="deleteBird_whenBirdExists_deletesBirdAndReturnsBirdId" classname="bird.BirdServiceTest" time="0.002"/>
  <testcase name="updateBird_whenBirdExists_updatesAndReturnsBird" classname="bird.BirdServiceTest" time="0.004"/>
  <testcase name="updateBird_whenBirdDoesNotExist_returnsEmptyOptional" classname="bird.BirdServiceTest" time="0.001"/>
  <testcase name="getAllBirds_whenBirdsExist_returnsListOfBirds" classname="bird.BirdServiceTest" time="0.002"/>
  <testcase name="getByColor_whenBirdWithColorExists_returnsBird" classname="bird.BirdServiceTest" time="0.001"/>
  <testcase name="updateBird_whenRepositoryThrowsException_shouldPropagateException" classname="bird.BirdServiceTest" time="0.001"/>
  <testcase name="addBird_whenBirdIsValid_savesAndReturnsBird" classname="bird.BirdServiceTest" time="0.0"/>
</testsuite>